# JRE version: Java(TM) SE Runtime Environment (8.0_261-b12) (build 1.8.0_261-b12)
# Java VM: Java HotSpot(TM) 64-Bit Server VM (25.261-b12 mixed mode windows-amd64 compressed oops)
Heap:
 PSYoungGen      total 245760K, used 183278K [0x00000000d6180000, 0x00000000ebe80000, 0x0000000100000000)
  eden space 232960K, 73% used [0x00000000d6180000,0x00000000e07fdac8,0x00000000e4500000)
  from space 12800K, 99% used [0x00000000e4500000,0x00000000e517dd78,0x00000000e5180000)
  to   space 15872K, 0% used [0x00000000eaf00000,0x00000000eaf00000,0x00000000ebe80000)
 ParOldGen       total 69632K, used 19090K [0x0000000082400000, 0x0000000086800000, 0x00000000d6180000)
  object space 69632K, 27% used [0x0000000082400000,0x00000000836a48d8,0x0000000086800000)
 Metaspace       used 51393K, capacity 54896K, committed 55164K, reserved 1097728K
  class space    used 7059K, capacity 7688K, committed 7808K, reserved 1048576K
GC Heap History (10 events):
Event: 2.003 GC heap before
{Heap before GC invocations=7 (full 1):
 PSYoungGen      total 139776K, used 5420K [0x00000000d6180000, 0x00000000df280000, 0x0000000100000000)
  eden space 131072K, 0% used [0x00000000d6180000,0x00000000d6180000,0x00000000de180000)
  from space 8704K, 62% used [0x00000000dea00000,0x00000000def4b058,0x00000000df280000)
  to   space 8704K, 0% used [0x00000000de180000,0x00000000de180000,0x00000000dea00000)
 ParOldGen       total 86016K, used 5172K [0x0000000082400000, 0x0000000087800000, 0x00000000d6180000)
  object space 86016K, 6% used [0x0000000082400000,0x000000008290d110,0x0000000087800000)
 Metaspace       used 19945K, capacity 21508K, committed 21628K, reserved 1069056K
  class space    used 2635K, capacity 2938K, committed 2944K, reserved 1048576K
Event: 2.032 GC heap after
Heap after GC invocations=7 (full 1):
 PSYoungGen      total 139776K, used 0K [0x00000000d6180000, 0x00000000df280000, 0x0000000100000000)
  eden space 131072K, 0% used [0x00000000d6180000,0x00000000d6180000,0x00000000de180000)
  from space 8704K, 0% used [0x00000000dea00000,0x00000000dea00000,0x00000000df280000)
  to   space 8704K, 0% used [0x00000000de180000,0x00000000de180000,0x00000000dea00000)
 ParOldGen       total 47104K, used 5562K [0x0000000082400000, 0x0000000085200000, 0x00000000d6180000)
  object space 47104K, 11% used [0x0000000082400000,0x000000008296e898,0x0000000085200000)
 Metaspace       used 19945K, capacity 21508K, committed 21628K, reserved 1069056K
  class space    used 2635K, capacity 2938K, committed 2944K, reserved 1048576K
}
Event: 3.031 GC heap before
{Heap before GC invocations=8 (full 1):
 PSYoungGen      total 139776K, used 131072K [0x00000000d6180000, 0x00000000df280000, 0x0000000100000000)
  eden space 131072K, 100% used [0x00000000d6180000,0x00000000de180000,0x00000000de180000)
  from space 8704K, 0% used [0x00000000dea00000,0x00000000dea00000,0x00000000df280000)
  to   space 8704K, 0% used [0x00000000de180000,0x00000000de180000,0x00000000dea00000)
 ParOldGen       total 47104K, used 5562K [0x0000000082400000, 0x0000000085200000, 0x00000000d6180000)
  object space 47104K, 11% used [0x0000000082400000,0x000000008296e898,0x0000000085200000)
 Metaspace       used 27826K, capacity 29930K, committed 30204K, reserved 1075200K
  class space    used 3680K, capacity 4065K, committed 4096K, reserved 1048576K
Event: 3.040 GC heap after
Heap after GC invocations=8 (full 1):
 PSYoungGen      total 139776K, used 8680K [0x00000000d6180000, 0x00000000e5e00000, 0x0000000100000000)
  eden space 131072K, 0% used [0x00000000d6180000,0x00000000d6180000,0x00000000de180000)
  from space 8704K, 99% used [0x00000000de180000,0x00000000de9fa090,0x00000000dea00000)
  to   space 11264K, 0% used [0x00000000e5300000,0x00000000e5300000,0x00000000e5e00000)
 ParOldGen       total 47104K, used 9264K [0x0000000082400000, 0x0000000085200000, 0x00000000d6180000)
  object space 47104K, 19% used [0x0000000082400000,0x0000000082d0c160,0x0000000085200000)
 Metaspace       used 27826K, capacity 29930K, committed 30204K, reserved 1075200K
  class space    used 3680K, capacity 4065K, committed 4096K, reserved 1048576K
}
Event: 4.001 GC heap before
{Heap before GC invocations=9 (full 1):
 PSYoungGen      total 139776K, used 129462K [0x00000000d6180000, 0x00000000e5e00000, 0x0000000100000000)
  eden space 131072K, 92% used [0x00000000d6180000,0x00000000dd773b10,0x00000000de180000)
  from space 8704K, 99% used [0x00000000de180000,0x00000000de9fa090,0x00000000dea00000)
  to   space 11264K, 0% used [0x00000000e5300000,0x00000000e5300000,0x00000000e5e00000)
 ParOldGen       total 47104K, used 9264K [0x0000000082400000, 0x0000000085200000, 0x00000000d6180000)
  object space 47104K, 19% used [0x0000000082400000,0x0000000082d0c160,0x0000000085200000)
 Metaspace       used 33638K, capacity 35970K, committed 36048K, reserved 1081344K
  class space    used 4571K, capacity 4991K, committed 4992K, reserved 1048576K
Event: 4.016 GC heap after
Heap after GC invocations=9 (full 1):
 PSYoungGen      total 242688K, used 11219K [0x00000000d6180000, 0x00000000e5e00000, 0x0000000100000000)
  eden space 231424K, 0% used [0x00000000d6180000,0x00000000d6180000,0x00000000e4380000)
  from space 11264K, 99% used [0x00000000e5300000,0x00000000e5df4f20,0x00000000e5e00000)
  to   space 12800K, 0% used [0x00000000e4500000,0x00000000e4500000,0x00000000e5180000)
 ParOldGen       total 47104K, used 9272K [0x0000000082400000, 0x0000000085200000, 0x00000000d6180000)
  object space 47104K, 19% used [0x0000000082400000,0x0000000082d0e160,0x0000000085200000)
 Metaspace       used 33638K, capacity 35970K, committed 36048K, reserved 1081344K
  class space    used 4571K, capacity 4991K, committed 4992K, reserved 1048576K
}
Event: 4.016 GC heap before
{Heap before GC invocations=10 (full 2):
 PSYoungGen      total 242688K, used 11219K [0x00000000d6180000, 0x00000000e5e00000, 0x0000000100000000)
  eden space 231424K, 0% used [0x00000000d6180000,0x00000000d6180000,0x00000000e4380000)
  from space 11264K, 99% used [0x00000000e5300000,0x00000000e5df4f20,0x00000000e5e00000)
  to   space 12800K, 0% used [0x00000000e4500000,0x00000000e4500000,0x00000000e5180000)
 ParOldGen       total 47104K, used 9272K [0x0000000082400000, 0x0000000085200000, 0x00000000d6180000)
  object space 47104K, 19% used [0x0000000082400000,0x0000000082d0e160,0x0000000085200000)
 Metaspace       used 33638K, capacity 35970K, committed 36048K, reserved 1081344K
  class space    used 4571K, capacity 4991K, committed 4992K, reserved 1048576K
Event: 4.059 GC heap after
Heap after GC invocations=10 (full 2):
 PSYoungGen      total 242688K, used 0K [0x00000000d6180000, 0x00000000e5e00000, 0x0000000100000000)
  eden space 231424K, 0% used [0x00000000d6180000,0x00000000d6180000,0x00000000e4380000)
  from space 11264K, 0% used [0x00000000e5300000,0x00000000e5300000,0x00000000e5e00000)
  to   space 12800K, 0% used [0x00000000e4500000,0x00000000e4500000,0x00000000e5180000)
 ParOldGen       total 69632K, used 16213K [0x0000000082400000, 0x0000000086800000, 0x00000000d6180000)
  object space 69632K, 23% used [0x0000000082400000,0x00000000833d5498,0x0000000086800000)
 Metaspace       used 33638K, capacity 35970K, committed 36048K, reserved 1081344K
  class space    used 4571K, capacity 4991K, committed 4992K, reserved 1048576K
}
Event: 6.615 GC heap before
{Heap before GC invocations=11 (full 2):
 PSYoungGen      total 242688K, used 231424K [0x00000000d6180000, 0x00000000e5e00000, 0x0000000100000000)
  eden space 231424K, 100% used [0x00000000d6180000,0x00000000e4380000,0x00000000e4380000)
  from space 11264K, 0% used [0x00000000e5300000,0x00000000e5300000,0x00000000e5e00000)
  to   space 12800K, 0% used [0x00000000e4500000,0x00000000e4500000,0x00000000e5180000)
 ParOldGen       total 69632K, used 16213K [0x0000000082400000, 0x0000000086800000, 0x00000000d6180000)
  object space 69632K, 23% used [0x0000000082400000,0x00000000833d5498,0x0000000086800000)
 Metaspace       used 45422K, capacity 48548K, committed 48764K, reserved 1091584K
  class space    used 6206K, capacity 6734K, committed 6784K, reserved 1048576K
Event: 6.640 GC heap after
Heap after GC invocations=11 (full 2):
 PSYoungGen      total 245760K, used 12791K [0x00000000d6180000, 0x00000000ebe80000, 0x0000000100000000)
  eden space 232960K, 0% used [0x00000000d6180000,0x00000000d6180000,0x00000000e4500000)
  from space 12800K, 99% used [0x00000000e4500000,0x00000000e517dd78,0x00000000e5180000)
  to   space 15872K, 0% used [0x00000000eaf00000,0x00000000eaf00000,0x00000000ebe80000)
 ParOldGen       total 69632K, used 19090K [0x0000000082400000, 0x0000000086800000, 0x00000000d6180000)
  object space 69632K, 27% used [0x0000000082400000,0x00000000836a48d8,0x0000000086800000)
 Metaspace       used 45422K, capacity 48548K, committed 48764K, reserved 1091584K
  class space    used 6206K, capacity 6734K, committed 6784K, reserved 1048576K
}

